nohup: ignoring input
ðŸ§¹ Cleaning up existing Next.js processes...
ðŸš€ Starting Django Backend on port 8000...
System check identified some issues:

WARNINGS:
?: (account.W001) ACCOUNT_LOGIN_METHODS conflicts with ACCOUNT_SIGNUP_FIELDS
Operations to perform:
  Apply all migrations: account, admin, auth, contenttypes, merchants, sessions, sites, socialaccount, users
Running migrations:
  No migrations to apply.
ðŸš€ Starting Next.js Frontend on port 3000...
Now using node v20.20.0 (npm v10.8.2)
âœ… All services started!
ðŸ“Š Django Backend: http://localhost:8000
ðŸŒ Next.js Frontend: http://localhost:3000

> routebases@0.1.0 dev
> next dev

   â–² Next.js 16.0.10 (Turbopack)
   - Local:         http://localhost:3000
   - Network:       http://192.168.133.182:3000

 âœ“ Starting...
System check identified some issues:

WARNINGS:
?: (account.W001) ACCOUNT_LOGIN_METHODS conflicts with ACCOUNT_SIGNUP_FIELDS

System check identified 1 issue (0 silenced).
 âœ“ Ready in 2.2s
[?25h
Performing system checks...

January 21, 2026 - 12:21:49
Django version 6.0.1, using settings 'routebase.settings'
Starting development server at http://0.0.0.0:8000/
Quit the server with CONTROL-C.

WARNING: This is a development server. Do not use it in a production setting. Use a production WSGI or ASGI server instead.
For more information on production servers see: https://docs.djangoproject.com/en/6.0/howto/deployment/
Exception in thread django-main-thread:
Traceback (most recent call last):
  File "/home/hamad-maqbool/Documents/python verse/python randoms/RouteBase parent/Route Base/venv_new/lib/python3.12/site-packages/pydantic/networks.py", line 965, in import_email_validator
    import email_validator
ModuleNotFoundError: No module named 'email_validator'

The above exception was the direct cause of the following exception:

Traceback (most recent call last):
  File "/usr/lib/python3.12/threading.py", line 1073, in _bootstrap_inner
    self.run()
  File "/usr/lib/python3.12/threading.py", line 1010, in run
    self._target(*self._args, **self._kwargs)
  File "/home/hamad-maqbool/Documents/python verse/python randoms/RouteBase parent/Route Base/venv_new/lib/python3.12/site-packages/django/utils/autoreload.py", line 64, in wrapper
    fn(*args, **kwargs)
  File "/home/hamad-maqbool/Documents/python verse/python randoms/RouteBase parent/Route Base/venv_new/lib/python3.12/site-packages/django/core/management/commands/runserver.py", line 134, in inner_run
    self.check(**check_kwargs)
  File "/home/hamad-maqbool/Documents/python verse/python randoms/RouteBase parent/Route Base/venv_new/lib/python3.12/site-packages/django/core/management/base.py", line 496, in check
    all_issues = checks.run_checks(
                 ^^^^^^^^^^^^^^^^^^
  File "/home/hamad-maqbool/Documents/python verse/python randoms/RouteBase parent/Route Base/venv_new/lib/python3.12/site-packages/django/core/checks/registry.py", line 89, in run_checks
    new_errors = check(app_configs=app_configs, databases=databases)
                 ^^^^^^^^^^^^^^^^^^^^^^^^^^^^^^^^^^^^^^^^^^^^^^^^^^^
  File "/home/hamad-maqbool/Documents/python verse/python randoms/RouteBase parent/Route Base/venv_new/lib/python3.12/site-packages/debug_toolbar/apps.py", line 254, in debug_toolbar_installed_when_running_tests_check
    reverse(f"{APP_NAME}:render_panel")
  File "/home/hamad-maqbool/Documents/python verse/python randoms/RouteBase parent/Route Base/venv_new/lib/python3.12/site-packages/django/urls/base.py", line 64, in reverse
    app_list = resolver.app_dict[ns]
               ^^^^^^^^^^^^^^^^^
  File "/home/hamad-maqbool/Documents/python verse/python randoms/RouteBase parent/Route Base/venv_new/lib/python3.12/site-packages/django/urls/resolvers.py", line 647, in app_dict
    self._populate()
  File "/home/hamad-maqbool/Documents/python verse/python randoms/RouteBase parent/Route Base/venv_new/lib/python3.12/site-packages/django/urls/resolvers.py", line 558, in _populate
    for url_pattern in reversed(self.url_patterns):
                                ^^^^^^^^^^^^^^^^^
  File "/home/hamad-maqbool/Documents/python verse/python randoms/RouteBase parent/Route Base/venv_new/lib/python3.12/site-packages/django/utils/functional.py", line 47, in __get__
    res = instance.__dict__[self.name] = self.func(instance)
                                         ^^^^^^^^^^^^^^^^^^^
  File "/home/hamad-maqbool/Documents/python verse/python randoms/RouteBase parent/Route Base/venv_new/lib/python3.12/site-packages/django/urls/resolvers.py", line 729, in url_patterns
    patterns = getattr(self.urlconf_module, "urlpatterns", self.urlconf_module)
                       ^^^^^^^^^^^^^^^^^^^
  File "/home/hamad-maqbool/Documents/python verse/python randoms/RouteBase parent/Route Base/venv_new/lib/python3.12/site-packages/django/utils/functional.py", line 47, in __get__
    res = instance.__dict__[self.name] = self.func(instance)
                                         ^^^^^^^^^^^^^^^^^^^
  File "/home/hamad-maqbool/Documents/python verse/python randoms/RouteBase parent/Route Base/venv_new/lib/python3.12/site-packages/django/urls/resolvers.py", line 722, in urlconf_module
    return import_module(self.urlconf_name)
           ^^^^^^^^^^^^^^^^^^^^^^^^^^^^^^^^
  File "/usr/lib/python3.12/importlib/__init__.py", line 90, in import_module
    return _bootstrap._gcd_import(name[level:], package, level)
           ^^^^^^^^^^^^^^^^^^^^^^^^^^^^^^^^^^^^^^^^^^^^^^^^^^^^
  File "<frozen importlib._bootstrap>", line 1387, in _gcd_import
  File "<frozen importlib._bootstrap>", line 1360, in _find_and_load
  File "<frozen importlib._bootstrap>", line 1331, in _find_and_load_unlocked
  File "<frozen importlib._bootstrap>", line 935, in _load_unlocked
  File "<frozen importlib._bootstrap_external>", line 995, in exec_module
  File "<frozen importlib._bootstrap>", line 488, in _call_with_frames_removed
  File "/home/hamad-maqbool/Documents/python verse/python randoms/RouteBase parent/RouteBase/Route Base/backend/routebase/urls.py", line 10, in <module>
    from users.api import router as users_router
  File "/home/hamad-maqbool/Documents/python verse/python randoms/RouteBase parent/RouteBase/Route Base/backend/users/api.py", line 13, in <module>
    class RegisterSchema(Schema):
  File "/home/hamad-maqbool/Documents/python verse/python randoms/RouteBase parent/Route Base/venv_new/lib/python3.12/site-packages/ninja/schema.py", line 181, in __new__
    result = super().__new__(cls, name, bases, namespace, **kwargs)
             ^^^^^^^^^^^^^^^^^^^^^^^^^^^^^^^^^^^^^^^^^^^^^^^^^^^^^^
  File "/home/hamad-maqbool/Documents/python verse/python randoms/RouteBase parent/Route Base/venv_new/lib/python3.12/site-packages/pydantic/_internal/_model_construction.py", line 255, in __new__
    complete_model_class(
  File "/home/hamad-maqbool/Documents/python verse/python randoms/RouteBase parent/Route Base/venv_new/lib/python3.12/site-packages/pydantic/_internal/_model_construction.py", line 648, in complete_model_class
    schema = gen_schema.generate_schema(cls)
             ^^^^^^^^^^^^^^^^^^^^^^^^^^^^^^^
  File "/home/hamad-maqbool/Documents/python verse/python randoms/RouteBase parent/Route Base/venv_new/lib/python3.12/site-packages/pydantic/_internal/_generate_schema.py", line 729, in generate_schema
    schema = self._generate_schema_inner(obj)
             ^^^^^^^^^^^^^^^^^^^^^^^^^^^^^^^^
  File "/home/hamad-maqbool/Documents/python verse/python randoms/RouteBase parent/Route Base/venv_new/lib/python3.12/site-packages/pydantic/_internal/_generate_schema.py", line 1023, in _generate_schema_inner
    return self._model_schema(obj)
           ^^^^^^^^^^^^^^^^^^^^^^^
  File "/home/hamad-maqbool/Documents/python verse/python randoms/RouteBase parent/Route Base/venv_new/lib/python3.12/site-packages/pydantic/_internal/_generate_schema.py", line 856, in _model_schema
    {k: self._generate_md_field_schema(k, v, decorators) for k, v in fields.items()},
        ^^^^^^^^^^^^^^^^^^^^^^^^^^^^^^^^^^^^^^^^^^^^^^^^
  File "/home/hamad-maqbool/Documents/python verse/python randoms/RouteBase parent/Route Base/venv_new/lib/python3.12/site-packages/pydantic/_internal/_generate_schema.py", line 1228, in _generate_md_field_schema
    schema, metadata = self._common_field_schema(name, field_info, decorators)
                       ^^^^^^^^^^^^^^^^^^^^^^^^^^^^^^^^^^^^^^^^^^^^^^^^^^^^^^^
  File "/home/hamad-maqbool/Documents/python verse/python randoms/RouteBase parent/Route Base/venv_new/lib/python3.12/site-packages/pydantic/_internal/_generate_schema.py", line 1282, in _common_field_schema
    schema = self._apply_annotations(
             ^^^^^^^^^^^^^^^^^^^^^^^^
  File "/home/hamad-maqbool/Documents/python verse/python randoms/RouteBase parent/Route Base/venv_new/lib/python3.12/site-packages/pydantic/_internal/_generate_schema.py", line 2227, in _apply_annotations
    schema = get_inner_schema(source_type)
             ^^^^^^^^^^^^^^^^^^^^^^^^^^^^^
  File "/home/hamad-maqbool/Documents/python verse/python randoms/RouteBase parent/Route Base/venv_new/lib/python3.12/site-packages/pydantic/_internal/_schema_generation_shared.py", line 83, in __call__
    schema = self._handler(source_type)
             ^^^^^^^^^^^^^^^^^^^^^^^^^^
  File "/home/hamad-maqbool/Documents/python verse/python randoms/RouteBase parent/Route Base/venv_new/lib/python3.12/site-packages/pydantic/_internal/_generate_schema.py", line 2203, in inner_handler
    schema = self._generate_schema_from_get_schema_method(obj, source_type)
             ^^^^^^^^^^^^^^^^^^^^^^^^^^^^^^^^^^^^^^^^^^^^^^^^^^^^^^^^^^^^^^
  File "/home/hamad-maqbool/Documents/python verse/python randoms/RouteBase parent/Route Base/venv_new/lib/python3.12/site-packages/pydantic/_internal/_generate_schema.py", line 919, in _generate_schema_from_get_schema_method
    schema = get_schema(
             ^^^^^^^^^^^
  File "/home/hamad-maqbool/Documents/python verse/python randoms/RouteBase parent/Route Base/venv_new/lib/python3.12/site-packages/pydantic/networks.py", line 1005, in __get_pydantic_core_schema__
    import_email_validator()
  File "/home/hamad-maqbool/Documents/python verse/python randoms/RouteBase parent/Route Base/venv_new/lib/python3.12/site-packages/pydantic/networks.py", line 967, in import_email_validator
    raise ImportError("email-validator is not installed, run `pip install 'pydantic[email]'`") from e
ImportError: email-validator is not installed, run `pip install 'pydantic[email]'`
Performing system checks...

